#
# A fatal error has been detected by the Java Runtime Environment:
#
#  SIGSEGV (0xb) at pc=0x00007f88ed434c44, pid=37437, tid=37447
#
# JRE version: OpenJDK Runtime Environment (11.0.11+9) (build 11.0.11+9-Ubuntu-0ubuntu2.20.04)
# Java VM: OpenJDK 64-Bit Server VM (11.0.11+9-Ubuntu-0ubuntu2.20.04, mixed mode, sharing, tiered, compressed oops, g1 gc, linux-amd64)
# Problematic frame:
# C  [libjimage.so+0x3c44]
#
# Core dump will be written. Default location: Core dumps may be processed with "/lib/systemd/systemd-coredump %P %u %g %s %t 9223372036854775808 %h" (or dumping to /home/dev/Workspace/arpia/java/api-atividades/core.37437)
#
# If you would like to submit a bug report, please visit:
#   https://bugs.launchpad.net/ubuntu/+source/openjdk-lts
#

---------------  S U M M A R Y ------------

Command Line: -agentlib:jdwp=transport=dt_socket,server=n,suspend=y,address=localhost:44879 -Dfile.encoding=UTF-8 adiel.atividades.AtividadesApplication

Host: Intel(R) Core(TM) i3-2120 CPU @ 3.30GHz, 4 cores, 7G, Linux Mint 20.1 Ulyssa
Time: Fri May  7 22:14:27 2021 -03 elapsed time: 29355.426062 seconds (0d 8h 9m 15s)

---------------  T H R E A D  ---------------

Current thread (0x00007f88e8119000):  JavaThread "Signal Dispatcher" daemon [_thread_in_vm, id=37447, stack(0x00007f88c108c000,0x00007f88c118d000)]

Stack: [0x00007f88c108c000,0x00007f88c118d000],  sp=0x00007f88c118a1f0,  free space=1016k
Native frames: (J=compiled Java code, A=aot compiled Java code, j=interpreted, Vv=VM code, C=native code)
C  [libjimage.so+0x3c44]
C  [libjimage.so+0x3dfa]
C  [libjimage.so+0x4291]  JIMAGE_FindResource+0xf1
V  [libjvm.so+0x5b0aa0]